<?xml version="1.0" encoding="UTF-8"?>
<testsuite xmlns:xsi="http://www.w3.org/2001/XMLSchema-instance" xsi:noNamespaceSchemaLocation="https://maven.apache.org/surefire/maven-surefire-plugin/xsd/surefire-test-report.xsd" name="TestSuite" time="6.283" tests="1" errors="0" skipped="0" failures="1">
  <properties>
[...]
</properties>
  <testcase name="runScenario" classname="runner.testRunner" time="3.166">
    <failure message="The path to the driver executable Unable to locate the chromedriver executable; for more information on how to install drivers, see https://www.selenium.dev/documentation/webdriver/getting_started/install_drivers/" type="java.lang.IllegalStateException">java.lang.IllegalStateException: The path to the driver executable Unable to locate the chromedriver executable; for more information on how to install drivers, see https://www.selenium.dev/documentation/webdriver/getting_started/install_drivers/
</failure>
    <system-out><![CDATA[
Scenario: Verify Hamon Home Page and navigate to Case Studies # src/test/resources/features/loginPage.feature:6
      java.lang.IllegalStateException: The path to the driver executable Unable to locate the chromedriver executable; for more information on how to install drivers, see https://www.selenium.dev/documentation/webdriver/getting_started/install_drivers/
	at org.openqa.selenium.internal.Require$StateChecker.nonNull(Require.java:314)
	at org.openqa.selenium.remote.service.DriverFinder.getPath(DriverFinder.java:33)
	at org.openqa.selenium.chrome.ChromeDriver.generateExecutor(ChromeDriver.java:98)
	at org.openqa.selenium.chrome.ChromeDriver.<init>(ChromeDriver.java:88)
	at org.openqa.selenium.chrome.ChromeDriver.<init>(ChromeDriver.java:84)
	at org.openqa.selenium.chrome.ChromeDriver.<init>(ChromeDriver.java:52)
	at org.opensite.stepdefs.LoginPageStepDef.setup(LoginPageStepDef.java:20)

  Given I am on Hamon Site                                    # org.opensite.stepdefs.LoginPageStepDef.i_am_on_hamon_site()
  Then Verify Hamon Home Page Elements Check                  # org.opensite.stepdefs.LoginPageStepDef.verify_hamon_home_page()
  When I click on the Case Studies                            # org.opensite.stepdefs.LoginPageStepDef.i_click_on_the_caseStudies()
]]></system-out>
    <system-err><![CDATA[SLF4J: Failed to load class "org.slf4j.impl.StaticLoggerBinder".
SLF4J: Defaulting to no-operation (NOP) logger implementation
SLF4J: See http://www.slf4j.org/codes.html#StaticLoggerBinder for further details.
Mar 20, 2025 2:21:32 PM org.openqa.selenium.remote.service.DriverFinder getPath
WARNING: Unable to obtain chromedriver using Selenium Manager: Unsuccessful command executed: [/tmp/selenium-manager1526583968479712221771205550519960/selenium-manager, --browser, chrome, --output, json]
The chromedriver version cannot be discovered
Build info: version: '4.8.3', revision: 'e5e76298c3'
System info: os.name: 'Linux', os.arch: 'amd64', os.version: '5.15.0-94-generic', java.version: '11.0.22'
Driver info: driver.version: ChromeDriver
]]></system-err>
  </testcase>
</testsuite>